<?xml version="1.0" encoding="UTF-8"?>
<testng-results skipped="0" failed="0" ignored="0" total="2" passed="2">
  <reporter-output>
  </reporter-output>
  <suite name="Default suite" duration-ms="52729" started-at="2019-07-08T11:01:22Z" finished-at="2019-07-08T11:02:14Z">
    <groups>
    </groups>
    <test name="Default test" duration-ms="52729" started-at="2019-07-08T11:01:22Z" finished-at="2019-07-08T11:02:14Z">
      <class name="nostraAndroid.Project.Execution_Nostra">
        <test-method status="PASS" signature="launchApp_Nostra()[pri:0, instance:nostraAndroid.Project.Execution_Nostra@73846619]" name="launchApp_Nostra" is-config="true" duration-ms="8572" started-at="2019-07-08T11:01:22Z" finished-at="2019-07-08T11:01:30Z">
          <reporter-output>
          </reporter-output>
        </test-method> <!-- launchApp_Nostra -->
        <test-method status="PASS" signature="startPlay()[pri:1, instance:nostraAndroid.Project.Execution_Nostra@73846619]" name="startPlay" duration-ms="32432" started-at="2019-07-08T11:01:30Z" finished-at="2019-07-08T11:02:03Z">
          <reporter-output>
          </reporter-output>
        </test-method> <!-- startPlay -->
        <test-method status="PASS" signature="join()[pri:2, instance:nostraAndroid.Project.Execution_Nostra@73846619]" name="join" duration-ms="11691" started-at="2019-07-08T11:02:03Z" finished-at="2019-07-08T11:02:14Z">
          <reporter-output>
          </reporter-output>
        </test-method> <!-- join -->
      </class> <!-- nostraAndroid.Project.Execution_Nostra -->
    </test> <!-- Default test -->
  </suite> <!-- Default suite -->
</testng-results>
