<?xml version="1.0" encoding="UTF-8"?>
<testng-results skipped="0" failed="1" ignored="0" total="1" passed="0">
  <reporter-output>
  </reporter-output>
  <suite name="Default suite" duration-ms="21486" started-at="2019-06-08T04:34:39Z" finished-at="2019-06-08T04:35:01Z">
    <groups>
    </groups>
    <test name="Default test" duration-ms="21486" started-at="2019-06-08T04:34:39Z" finished-at="2019-06-08T04:35:01Z">
      <class name="nostraAndroid.Project.Execution_Nostra">
        <test-method status="PASS" signature="launchApp_Nostra()[pri:0, instance:nostraAndroid.Project.Execution_Nostra@589838eb]" name="launchApp_Nostra" is-config="true" duration-ms="5130" started-at="2019-06-08T04:34:39Z" finished-at="2019-06-08T04:34:44Z">
          <reporter-output>
          </reporter-output>
        </test-method> <!-- launchApp_Nostra -->
        <test-method status="FAIL" signature="startPlay()[pri:1, instance:nostraAndroid.Project.Execution_Nostra@589838eb]" name="startPlay" duration-ms="16319" started-at="2019-06-08T04:34:44Z" finished-at="2019-06-08T04:35:01Z">
          <exception class="org.openqa.selenium.NoSuchElementException">
            <message>
              <![CDATA[An element could not be located on the page using the given search parameters. (WARNING: The server did not provide any stacktrace information)
Command duration or timeout: 12.08 seconds
For documentation on this error, please visit: http://seleniumhq.org/exceptions/no_such_element.html
Build info: version: '2.53.0', revision: '35ae25b1534ae328c771e0856c93e187490ca824', time: '2016-03-15 10:43:46'
System info: host: 'shubhrajit-ThinkPad-T420', ip: '127.0.1.1', os.name: 'Linux', os.arch: 'amd64', os.version: '4.18.0-20-generic', java.version: '1.8.0_212'
Driver info: io.appium.java_client.android.AndroidDriver
Capabilities [{app=/home/shubhrajit/git/NostraGamus/NostraGamus/App/NostraStage.apk, appPackage=in.sportscafe.nostragamus.pro, deviceScreenSize=768x1280, networkConnectionEnabled=true, noReset=true, warnings={}, appWaitPackage=in.sportscafe.nostragamus.pro, appWaitActivity=in.sportscafe.nostragamus.module.loginAndAccount.splash.SplashActivity, databaseEnabled=false, deviceName=emulator-5554, version=8.0.0, fullReset=false, platform=LINUX, deviceUDID=emulator-5554, appActivity=in.sportscafe.nostragamus.module.loginAndAccount.splash.SplashActivity, desired={app=/home/shubhrajit/git/NostraGamus/NostraGamus/App/NostraStage.apk, noReset=true, platformName=Android, deviceName=emulator-5554, version=8.0.0, fullReset=false}, platformVersion=8.0.0, webStorageEnabled=false, locationContextEnabled=false, takesScreenshot=true, javascriptEnabled=true, deviceModel=Android SDK built for x86, platformName=Android, deviceManufacturer=Google}]
Session ID: be239ec6-13f5-4127-bc6c-fac0543a900a
*** Element info: {Using=id, value=in.sportscafe.nostragamus.pro:id/new_challenge_matches_join_button}]]>
            </message>
            <full-stacktrace>
              <![CDATA[org.openqa.selenium.NoSuchElementException: An element could not be located on the page using the given search parameters. (WARNING: The server did not provide any stacktrace information)
Command duration or timeout: 12.08 seconds
For documentation on this error, please visit: http://seleniumhq.org/exceptions/no_such_element.html
Build info: version: '2.53.0', revision: '35ae25b1534ae328c771e0856c93e187490ca824', time: '2016-03-15 10:43:46'
System info: host: 'shubhrajit-ThinkPad-T420', ip: '127.0.1.1', os.name: 'Linux', os.arch: 'amd64', os.version: '4.18.0-20-generic', java.version: '1.8.0_212'
Driver info: io.appium.java_client.android.AndroidDriver
Capabilities [{app=/home/shubhrajit/git/NostraGamus/NostraGamus/App/NostraStage.apk, appPackage=in.sportscafe.nostragamus.pro, deviceScreenSize=768x1280, networkConnectionEnabled=true, noReset=true, warnings={}, appWaitPackage=in.sportscafe.nostragamus.pro, appWaitActivity=in.sportscafe.nostragamus.module.loginAndAccount.splash.SplashActivity, databaseEnabled=false, deviceName=emulator-5554, version=8.0.0, fullReset=false, platform=LINUX, deviceUDID=emulator-5554, appActivity=in.sportscafe.nostragamus.module.loginAndAccount.splash.SplashActivity, desired={app=/home/shubhrajit/git/NostraGamus/NostraGamus/App/NostraStage.apk, noReset=true, platformName=Android, deviceName=emulator-5554, version=8.0.0, fullReset=false}, platformVersion=8.0.0, webStorageEnabled=false, locationContextEnabled=false, takesScreenshot=true, javascriptEnabled=true, deviceModel=Android SDK built for x86, platformName=Android, deviceManufacturer=Google}]
Session ID: be239ec6-13f5-4127-bc6c-fac0543a900a
*** Element info: {Using=id, value=in.sportscafe.nostragamus.pro:id/new_challenge_matches_join_button}
at sun.reflect.NativeConstructorAccessorImpl.newInstance0(Native Method)
at sun.reflect.NativeConstructorAccessorImpl.newInstance(NativeConstructorAccessorImpl.java:62)
at sun.reflect.DelegatingConstructorAccessorImpl.newInstance(DelegatingConstructorAccessorImpl.java:45)
at java.lang.reflect.Constructor.newInstance(Constructor.java:423)
at org.openqa.selenium.remote.ErrorHandler.createThrowable(ErrorHandler.java:206)
at org.openqa.selenium.remote.ErrorHandler.throwIfResponseFailed(ErrorHandler.java:158)
at org.openqa.selenium.remote.RemoteWebDriver.execute(RemoteWebDriver.java:678)
at io.appium.java_client.DefaultGenericMobileDriver.execute(DefaultGenericMobileDriver.java:40)
at io.appium.java_client.AppiumDriver.execute(AppiumDriver.java:1)
at io.appium.java_client.android.AndroidDriver.execute(AndroidDriver.java:1)
at org.openqa.selenium.remote.RemoteWebDriver.findElement(RemoteWebDriver.java:363)
at io.appium.java_client.DefaultGenericMobileDriver.findElement(DefaultGenericMobileDriver.java:56)
at io.appium.java_client.AppiumDriver.findElement(AppiumDriver.java:1)
at io.appium.java_client.android.AndroidDriver.findElement(AndroidDriver.java:1)
at org.openqa.selenium.remote.RemoteWebDriver.findElementById(RemoteWebDriver.java:413)
at io.appium.java_client.DefaultGenericMobileDriver.findElementById(DefaultGenericMobileDriver.java:64)
at io.appium.java_client.AppiumDriver.findElementById(AppiumDriver.java:1)
at io.appium.java_client.android.AndroidDriver.findElementById(AndroidDriver.java:1)
at org.openqa.selenium.By$ById.findElement(By.java:218)
at org.openqa.selenium.remote.RemoteWebDriver.findElement(RemoteWebDriver.java:355)
at io.appium.java_client.DefaultGenericMobileDriver.findElement(DefaultGenericMobileDriver.java:52)
at io.appium.java_client.AppiumDriver.findElement(AppiumDriver.java:1)
at io.appium.java_client.android.AndroidDriver.findElement(AndroidDriver.java:1)
at nostraAndroid.Project.Repository_NostraPro.joinContets_Nostra(Repository_NostraPro.java:62)
at nostraAndroid.Project.Execution_Nostra.startPlay(Execution_Nostra.java:24)
at sun.reflect.NativeMethodAccessorImpl.invoke0(Native Method)
at sun.reflect.NativeMethodAccessorImpl.invoke(NativeMethodAccessorImpl.java:62)
at sun.reflect.DelegatingMethodAccessorImpl.invoke(DelegatingMethodAccessorImpl.java:43)
at java.lang.reflect.Method.invoke(Method.java:498)
at org.testng.internal.MethodInvocationHelper.invokeMethod(MethodInvocationHelper.java:124)
at org.testng.internal.Invoker.invokeMethod(Invoker.java:583)
at org.testng.internal.Invoker.invokeTestMethod(Invoker.java:719)
at org.testng.internal.Invoker.invokeTestMethods(Invoker.java:989)
at org.testng.internal.TestMethodWorker.invokeTestMethods(TestMethodWorker.java:125)
at org.testng.internal.TestMethodWorker.run(TestMethodWorker.java:109)
at org.testng.TestRunner.privateRun(TestRunner.java:648)
at org.testng.TestRunner.run(TestRunner.java:505)
at org.testng.SuiteRunner.runTest(SuiteRunner.java:455)
at org.testng.SuiteRunner.runSequentially(SuiteRunner.java:450)
at org.testng.SuiteRunner.privateRun(SuiteRunner.java:415)
at org.testng.SuiteRunner.run(SuiteRunner.java:364)
at org.testng.SuiteRunnerWorker.runSuite(SuiteRunnerWorker.java:52)
at org.testng.SuiteRunnerWorker.run(SuiteRunnerWorker.java:84)
at org.testng.TestNG.runSuitesSequentially(TestNG.java:1208)
at org.testng.TestNG.runSuitesLocally(TestNG.java:1137)
at org.testng.TestNG.runSuites(TestNG.java:1049)
at org.testng.TestNG.run(TestNG.java:1017)
at org.testng.remote.AbstractRemoteTestNG.run(AbstractRemoteTestNG.java:115)
at org.testng.remote.RemoteTestNG.initAndRun(RemoteTestNG.java:251)
at org.testng.remote.RemoteTestNG.main(RemoteTestNG.java:77)
]]>
            </full-stacktrace>
          </exception> <!-- org.openqa.selenium.NoSuchElementException -->
          <reporter-output>
          </reporter-output>
        </test-method> <!-- startPlay -->
      </class> <!-- nostraAndroid.Project.Execution_Nostra -->
    </test> <!-- Default test -->
  </suite> <!-- Default suite -->
</testng-results>
