<?xml version="1.0" encoding="UTF-8"?>
<!-- Generated by org.testng.reporters.JUnitXMLReporter -->
<testsuite hostname="shubhrajit-ThinkPad-T420" ignored="0" name="Default test" tests="3" failures="0" timestamp="24 Jul 2019 10:00:51 GMT" time="130.503" errors="0">
  <testcase name="login_Nostra" time="22.688" classname="nostraAndroid.Project.Execution_Nostra"/>
  <testcase name="startPlay" time="87.509" classname="nostraAndroid.Project.Execution_Nostra"/>
  <testcase name="join" time="12.386" classname="nostraAndroid.Project.Execution_Nostra"/>
</testsuite> <!-- Default test -->
